# JRE version: OpenJDK Runtime Environment (8.0_152-b01) (build 1.8.0_152-release-915-b01)
# Java VM: OpenJDK 64-Bit Server VM (25.152-b01 mixed mode windows-amd64 compressed oops)
Heap:
 PSYoungGen      total 476160K, used 195652K [0x00000000e0000000, 0x00000000ffd00000, 0x0000000100000000)
  eden space 434176K, 43% used [0x00000000e0000000,0x00000000eb7a7290,0x00000000fa800000)
  from space 41984K, 18% used [0x00000000fd400000,0x00000000fdb69f20,0x00000000ffd00000)
  to   space 43520K, 0% used [0x00000000fa800000,0x00000000fa800000,0x00000000fd280000)
 ParOldGen       total 178688K, used 93662K [0x00000000a0000000, 0x00000000aae80000, 0x00000000e0000000)
  object space 178688K, 52% used [0x00000000a0000000,0x00000000a5b77890,0x00000000aae80000)
 Metaspace       used 78121K, capacity 83006K, committed 83288K, reserved 1122304K
  class space    used 9771K, capacity 10831K, committed 10880K, reserved 1048576K
GC Heap History (10 events):
Event: 928.754 GC heap before
{Heap before GC invocations=23 (full 3):
 PSYoungGen      total 369152K, used 366001K [0x00000000e0000000, 0x00000000fe680000, 0x0000000100000000)
  eden space 340992K, 100% used [0x00000000e0000000,0x00000000f4d00000,0x00000000f4d00000)
  from space 28160K, 88% used [0x00000000f4d00000,0x00000000f656c528,0x00000000f6880000)
  to   space 30720K, 0% used [0x00000000fc880000,0x00000000fc880000,0x00000000fe680000)
 ParOldGen       total 178688K, used 32618K [0x00000000a0000000, 0x00000000aae80000, 0x00000000e0000000)
  object space 178688K, 18% used [0x00000000a0000000,0x00000000a1fdaaf0,0x00000000aae80000)
 Metaspace       used 75116K, capacity 78446K, committed 78552K, reserved 1118208K
  class space    used 9506K, capacity 10237K, committed 10240K, reserved 1048576K
Event: 928.817 GC heap after
Heap after GC invocations=23 (full 3):
 PSYoungGen      total 451072K, used 30719K [0x00000000e0000000, 0x0000000100000000, 0x0000000100000000)
  eden space 420352K, 0% used [0x00000000e0000000,0x00000000e0000000,0x00000000f9a80000)
  from space 30720K, 99% used [0x00000000fc880000,0x00000000fe67fc80,0x00000000fe680000)
  to   space 47104K, 0% used [0x00000000f9a80000,0x00000000f9a80000,0x00000000fc880000)
 ParOldGen       total 178688K, used 66144K [0x00000000a0000000, 0x00000000aae80000, 0x00000000e0000000)
  object space 178688K, 37% used [0x00000000a0000000,0x00000000a40980e8,0x00000000aae80000)
 Metaspace       used 75116K, capacity 78446K, committed 78552K, reserved 1118208K
  class space    used 9506K, capacity 10237K, committed 10240K, reserved 1048576K
}
Event: 933.489 GC heap before
{Heap before GC invocations=24 (full 3):
 PSYoungGen      total 451072K, used 450096K [0x00000000e0000000, 0x0000000100000000, 0x0000000100000000)
  eden space 420352K, 99% used [0x00000000e0000000,0x00000000f998c528,0x00000000f9a80000)
  from space 30720K, 99% used [0x00000000fc880000,0x00000000fe67fc80,0x00000000fe680000)
  to   space 47104K, 0% used [0x00000000f9a80000,0x00000000f9a80000,0x00000000fc880000)
 ParOldGen       total 178688K, used 66144K [0x00000000a0000000, 0x00000000aae80000, 0x00000000e0000000)
  object space 178688K, 37% used [0x00000000a0000000,0x00000000a40980e8,0x00000000aae80000)
 Metaspace       used 75272K, capacity 78614K, committed 78936K, reserved 1118208K
  class space    used 9511K, capacity 10245K, committed 10368K, reserved 1048576K
Event: 933.523 GC heap after
Heap after GC invocations=24 (full 3):
 PSYoungGen      total 467456K, used 14870K [0x00000000e0000000, 0x0000000100000000, 0x0000000100000000)
  eden space 420352K, 0% used [0x00000000e0000000,0x00000000e0000000,0x00000000f9a80000)
  from space 47104K, 31% used [0x00000000f9a80000,0x00000000fa905b68,0x00000000fc880000)
  to   space 45568K, 0% used [0x00000000fd380000,0x00000000fd380000,0x0000000100000000)
 ParOldGen       total 178688K, used 83263K [0x00000000a0000000, 0x00000000aae80000, 0x00000000e0000000)
  object space 178688K, 46% used [0x00000000a0000000,0x00000000a514ff30,0x00000000aae80000)
 Metaspace       used 75272K, capacity 78614K, committed 78936K, reserved 1118208K
  class space    used 9511K, capacity 10245K, committed 10368K, reserved 1048576K
}
Event: 1071.658 GC heap before
{Heap before GC invocations=25 (full 3):
 PSYoungGen      total 467456K, used 435181K [0x00000000e0000000, 0x0000000100000000, 0x0000000100000000)
  eden space 420352K, 99% used [0x00000000e0000000,0x00000000f9a75af0,0x00000000f9a80000)
  from space 47104K, 31% used [0x00000000f9a80000,0x00000000fa905b68,0x00000000fc880000)
  to   space 45568K, 0% used [0x00000000fd380000,0x00000000fd380000,0x0000000100000000)
 ParOldGen       total 178688K, used 83263K [0x00000000a0000000, 0x00000000aae80000, 0x00000000e0000000)
  object space 178688K, 46% used [0x00000000a0000000,0x00000000a514ff30,0x00000000aae80000)
 Metaspace       used 76176K, capacity 79822K, committed 80088K, reserved 1118208K
  class space    used 9575K, capacity 10413K, committed 10496K, reserved 1048576K
Event: 1071.676 GC heap after
Heap after GC invocations=25 (full 3):
 PSYoungGen      total 474624K, used 6568K [0x00000000e0000000, 0x00000000ffd80000, 0x0000000100000000)
  eden space 431616K, 0% used [0x00000000e0000000,0x00000000e0000000,0x00000000fa580000)
  from space 43008K, 15% used [0x00000000fd380000,0x00000000fd9ea3a8,0x00000000ffd80000)
  to   space 45056K, 0% used [0x00000000fa580000,0x00000000fa580000,0x00000000fd180000)
 ParOldGen       total 178688K, used 92218K [0x00000000a0000000, 0x00000000aae80000, 0x00000000e0000000)
  object space 178688K, 51% used [0x00000000a0000000,0x00000000a5a0e900,0x00000000aae80000)
 Metaspace       used 76176K, capacity 79822K, committed 80088K, reserved 1118208K
  class space    used 9575K, capacity 10413K, committed 10496K, reserved 1048576K
}
Event: 1113.090 GC heap before
{Heap before GC invocations=26 (full 3):
 PSYoungGen      total 474624K, used 438184K [0x00000000e0000000, 0x00000000ffd80000, 0x0000000100000000)
  eden space 431616K, 100% used [0x00000000e0000000,0x00000000fa580000,0x00000000fa580000)
  from space 43008K, 15% used [0x00000000fd380000,0x00000000fd9ea3a8,0x00000000ffd80000)
  to   space 45056K, 0% used [0x00000000fa580000,0x00000000fa580000,0x00000000fd180000)
 ParOldGen       total 178688K, used 92218K [0x00000000a0000000, 0x00000000aae80000, 0x00000000e0000000)
  object space 178688K, 51% used [0x00000000a0000000,0x00000000a5a0e900,0x00000000aae80000)
 Metaspace       used 76637K, capacity 80492K, committed 80600K, reserved 1120256K
  class space    used 9608K, capacity 10474K, committed 10496K, reserved 1048576K
Event: 1113.100 GC heap after
Heap after GC invocations=26 (full 3):
 PSYoungGen      total 476672K, used 5411K [0x00000000e0000000, 0x0000000100000000, 0x0000000100000000)
  eden space 431616K, 0% used [0x00000000e0000000,0x00000000e0000000,0x00000000fa580000)
  from space 45056K, 12% used [0x00000000fa580000,0x00000000faac8f28,0x00000000fd180000)
  to   space 45056K, 0% used [0x00000000fd400000,0x00000000fd400000,0x0000000100000000)
 ParOldGen       total 178688K, used 93654K [0x00000000a0000000, 0x00000000aae80000, 0x00000000e0000000)
  object space 178688K, 52% used [0x00000000a0000000,0x00000000a5b75890,0x00000000aae80000)
 Metaspace       used 76637K, capacity 80492K, committed 80600K, reserved 1120256K
  class space    used 9608K, capacity 10474K, committed 10496K, reserved 1048576K
}
Event: 1210.266 GC heap before
{Heap before GC invocations=27 (full 3):
 PSYoungGen      total 476672K, used 437027K [0x00000000e0000000, 0x0000000100000000, 0x0000000100000000)
  eden space 431616K, 100% used [0x00000000e0000000,0x00000000fa580000,0x00000000fa580000)
  from space 45056K, 12% used [0x00000000fa580000,0x00000000faac8f28,0x00000000fd180000)
  to   space 45056K, 0% used [0x00000000fd400000,0x00000000fd400000,0x0000000100000000)
 ParOldGen       total 178688K, used 93654K [0x00000000a0000000, 0x00000000aae80000, 0x00000000e0000000)
  object space 178688K, 52% used [0x00000000a0000000,0x00000000a5b75890,0x00000000aae80000)
 Metaspace       used 77488K, capacity 81786K, committed 82136K, reserved 1120256K
  class space    used 9679K, capacity 10641K, committed 10752K, reserved 1048576K
Event: 1210.276 GC heap after
Heap after GC invocations=27 (full 3):
 PSYoungGen      total 476160K, used 7591K [0x00000000e0000000, 0x00000000ffd00000, 0x0000000100000000)
  eden space 434176K, 0% used [0x00000000e0000000,0x00000000e0000000,0x00000000fa800000)
  from space 41984K, 18% used [0x00000000fd400000,0x00000000fdb69f20,0x00000000ffd00000)
  to   space 43520K, 0% used [0x00000000fa800000,0x00000000fa800000,0x00000000fd280000)
 ParOldGen       total 178688K, used 93662K [0x00000000a0000000, 0x00000000aae80000, 0x00000000e0000000)
  object space 178688K, 52% used [0x00000000a0000000,0x00000000a5b77890,0x00000000aae80000)
 Metaspace       used 77488K, capacity 81786K, committed 82136K, reserved 1120256K
  class space    used 9679K, capacity 10641K, committed 10752K, reserved 1048576K
}

